ada_ml-pooling.adb:3:06: (style) two spaces required [-gnatyc]
ada_ml-pooling.adb:4:06: (style) two spaces required [-gnatyc]
ada_ml-pooling.adb:6:49: (style) space required [-gnatyc]
ada_ml-pooling.adb:10:24: (style) space required [-gnatyc]
ada_ml-pooling.adb:13:50: (style) space required [-gnatyc]
ada_ml-pooling.adb:14:16: (style) space required [-gnatyt]
ada_ml-pooling.adb:15:16: (style) space required [-gnatyt]
ada_ml-pooling.adb:16:50: (style) space required [-gnatyc]
ada_ml-pooling.adb:17:16: (style) space required [-gnatyt]
ada_ml-pooling.adb:22:41: (style) space required [-gnatyc]
ada_ml-pooling.adb:27:06: (style) two spaces required [-gnatyc]
ada_ml-pooling.adb:28:06: (style) two spaces required [-gnatyc]
ada_ml-pooling.adb:29:36: (style) bad casing of "Apply_AvgPool_2x2_All_words" declared at ada_ml-pooling.ads:6 [-gnatyr]
ada_ml-pooling.adb:30:49: (style) space required [-gnatyc]
ada_ml-pooling.adb:37:50: (style) space required [-gnatyc]
ada_ml-pooling.adb:38:16: (style) space required [-gnatyt]
ada_ml-pooling.adb:39:16: (style) space required [-gnatyt]
ada_ml-pooling.adb:40:50: (style) space required [-gnatyc]
ada_ml-pooling.adb:41:16: (style) space required [-gnatyt]
ada_ml-pooling.adb:46:41: (style) space required [-gnatyc]
ada_ml-pooling.adb:49:30: (style) bad casing of "Apply_AvgPool_2x2_All_words" declared at ada_ml-pooling.ads:6 [-gnatyr]
ada_ml-pooling.ads:3:06: (style) two spaces required [-gnatyc]
ada_ml-pooling.ads:4:06: (style) two spaces required [-gnatyc]
