ada_ml.adb:1:12: warning: unit "System.Address_To_Access_Conversions" is not referenced [-gnatwu]
ada_ml.adb:2:12: warning: unit "System.Storage_Elements" is not referenced [-gnatwu]
ada_ml.adb:4:09: warning: no entities of "Ada.Text_IO" are referenced [-gnatwu]
ada_ml.adb:4:19: warning: use clause for package "Text_IO" has no effect [-gnatwu]
ada_ml.adb:7:01: (style) multiple blank lines [-gnatyu]
ada_ml.adb:9:06: (style) two spaces required [-gnatyc]
ada_ml.adb:15:06: (style) two spaces required [-gnatyc]
ada_ml.adb:21:06: (style) two spaces required [-gnatyc]
ada_ml.adb:27:06: (style) two spaces required [-gnatyc]
ada_ml.adb:33:06: (style) two spaces required [-gnatyc]
ada_ml.adb:39:06: (style) two spaces required [-gnatyc]
ada_ml.adb:45:06: (style) two spaces required [-gnatyc]
ada_ml.adb:51:06: (style) two spaces required [-gnatyc]
ada_ml.adb:57:06: (style) two spaces required [-gnatyc]
ada_ml.adb:63:06: (style) two spaces required [-gnatyc]
ada_ml.adb:67:04: (style) "end Set_Scale_Register" required [-gnatye]
ada_ml.adb:69:06: (style) two spaces required [-gnatyc]
ada_ml.adb:73:04: (style) "end Set_Zero_Point" required [-gnatye]
ada_ml.adb:75:06: (style) two spaces required [-gnatyc]
ada_ml.adb:80:04: (style) "end Set_Quantized_Multiplier_Register" required [-gnatye]
ada_ml.adb:82:06: (style) two spaces required [-gnatyc]
ada_ml.adb:89:04: (style) "end Set_Quantized_Multiplier_Right_Shift_Register" required [-gnatye]
ada_ml.adb:91:06: (style) two spaces required [-gnatyc]
ada_ml.adb:96:09: (style) two spaces required [-gnatyc]
ada_ml.adb:97:09: (style) two spaces required [-gnatyc]
ada_ml.adb:98:10: (style) redundant parentheses [-gnatyx]
ada_ml.adb:127:06: (style) two spaces required [-gnatyc]
ada_ml.adb:133:06: (style) two spaces required [-gnatyc]
ada_ml.adb:140:06: (style) two spaces required [-gnatyc]
ada_ml.adb:146:06: (style) two spaces required [-gnatyc]
ada_ml.adb:152:06: (style) two spaces required [-gnatyc]
ada_ml.adb:160:06: (style) two spaces required [-gnatyc]
ada_ml.adb:161:06: (style) two spaces required [-gnatyc]
ada_ml.adb:162:06: (style) two spaces required [-gnatyc]
ada_ml.adb:163:06: (style) two spaces required [-gnatyc]
ada_ml.adb:171:38: (style) "in" should be omitted [-gnatyI]
ada_ml.adb:203:38: (style) "in" should be omitted [-gnatyI]
ada_ml.adb:235:38: (style) "in" should be omitted [-gnatyI]
ada_ml.ads:1:06: warning: unit "Interfaces" is not referenced in spec [-gnatwu]
ada_ml.ads:1:06: warning: with clause might be moved to body [-gnatwu]
ada_ml.ads:3:06: (style) bad casing of "Input_Output_Helper" declared at input_output_helper.ads:5 [-gnatyr]
ada_ml.ads:3:31: (style) bad casing of "Input_Output_Helper" declared at input_output_helper.ads:5 [-gnatyr]
ada_ml.ads:5:01: (style) multiple blank lines [-gnatyu]
ada_ml.ads:9:03: (style) bad indentation [-gnaty0]
ada_ml.ads:11:23: (style) space required [-gnatyc]
ada_ml.ads:12:03: (style) bad indentation [-gnaty0]
ada_ml.ads:13:40: (style) space required [-gnatyc]
ada_ml.ads:14:03: (style) bad indentation [-gnaty0]
ada_ml.ads:16:23: (style) space required [-gnatyc]
ada_ml.ads:17:03: (style) bad indentation [-gnaty0]
ada_ml.ads:18:40: (style) space required [-gnatyc]
ada_ml.ads:19:03: (style) bad indentation [-gnaty0]
ada_ml.ads:20:40: (style) space required [-gnatyc]
ada_ml.ads:21:03: (style) bad indentation [-gnaty0]
ada_ml.ads:22:40: (style) space required [-gnatyc]
ada_ml.ads:23:03: (style) bad indentation [-gnaty0]
ada_ml.ads:24:40: (style) space required [-gnatyc]
ada_ml.ads:25:03: (style) bad indentation [-gnaty0]
ada_ml.ads:26:40: (style) space required [-gnatyc]
ada_ml.ads:27:03: (style) bad indentation [-gnaty0]
ada_ml.ads:28:40: (style) space required [-gnatyc]
ada_ml.ads:29:03: (style) bad indentation [-gnaty0]
ada_ml.ads:30:40: (style) space required [-gnatyc]
ada_ml.ads:31:03: (style) bad indentation [-gnaty0]
ada_ml.ads:32:40: (style) space required [-gnatyc]
ada_ml.ads:33:03: (style) bad indentation [-gnaty0]
ada_ml.ads:34:40: (style) space required [-gnatyc]
ada_ml.ads:35:03: (style) bad indentation [-gnaty0]
ada_ml.ads:36:40: (style) space required [-gnatyc]
ada_ml.ads:37:03: (style) bad indentation [-gnaty0]
ada_ml.ads:38:40: (style) space required [-gnatyc]
ada_ml.ads:39:03: (style) bad indentation [-gnaty0]
ada_ml.ads:41:23: (style) space required [-gnatyc]
ada_ml.ads:42:03: (style) bad indentation [-gnaty0]
ada_ml.ads:43:40: (style) space required [-gnatyc]
ada_ml.ads:44:03: (style) bad indentation [-gnaty0]
ada_ml.ads:45:40: (style) space required [-gnatyc]
ada_ml.ads:46:03: (style) bad indentation [-gnaty0]
ada_ml.ads:47:40: (style) space required [-gnatyc]
ada_ml.ads:48:03: (style) bad indentation [-gnaty0]
ada_ml.ads:49:40: (style) space required [-gnatyc]
ada_ml.ads:53:03: (style) bad indentation [-gnaty0]
ada_ml.ads:54:03: (style) bad indentation [-gnaty0]
ada_ml.ads:55:03: (style) bad indentation [-gnaty0]
ada_ml.ads:56:03: (style) bad indentation [-gnaty0]
ada_ml.ads:57:03: (style) bad indentation [-gnaty0]
ada_ml.ads:58:14: (style) space required [-gnatyc]
ada_ml.ads:60:03: (style) bad indentation [-gnaty0]
ada_ml.ads:61:03: (style) bad indentation [-gnaty0]
ada_ml.ads:62:03: (style) bad indentation [-gnaty0]
ada_ml.ads:65:03: (style) bad indentation [-gnaty0]
ada_ml.ads:66:03: (style) bad indentation [-gnaty0]
ada_ml.ads:69:03: (style) bad indentation [-gnaty0]
ada_ml.ads:70:03: (style) bad indentation [-gnaty0]
ada_ml.ads:71:11: (style) space required [-gnatyc]
ada_ml.ads:72:03: (style) bad indentation [-gnaty0]
ada_ml.ads:73:03: (style) bad indentation [-gnaty0]
ada_ml.ads:74:01: (style) multiple blank lines [-gnatyu]
ada_ml.ads:78:03: (style) bad indentation [-gnaty0]
ada_ml.ads:79:03: (style) bad indentation [-gnaty0]
ada_ml.ads:80:03: (style) bad indentation [-gnaty0]
ada_ml.ads:81:03: (style) bad indentation [-gnaty0]
ada_ml.ads:82:03: (style) bad indentation [-gnaty0]
ada_ml.ads:83:03: (style) bad indentation [-gnaty0]
ada_ml.ads:84:25: (style) space required [-gnatyc]
ada_ml.ads:85:03: (style) bad indentation [-gnaty0]
ada_ml.ads:87:18: (style) space required [-gnatyc]
ada_ml.ads:88:03: (style) bad indentation [-gnaty0]
ada_ml.ads:90:18: (style) space required [-gnatyc]
ada_ml.ads:91:03: (style) bad indentation [-gnaty0]
ada_ml.ads:92:21: (style) space required [-gnatyc]
ada_ml.ads:93:03: (style) bad indentation [-gnaty0]
ada_ml.ads:94:25: (style) space required [-gnatyc]
ada_ml.ads:95:03: (style) bad indentation [-gnaty0]
ada_ml.ads:96:30: (style) space required [-gnatyc]
ada_ml.ads:97:03: (style) bad indentation [-gnaty0]
ada_ml.ads:98:30: (style) space required [-gnatyc]
ada_ml.ads:99:03: (style) bad indentation [-gnaty0]
ada_ml.ads:101:18: (style) space required [-gnatyc]
ada_ml.ads:103:03: (style) bad indentation [-gnaty0]
ada_ml.ads:104:03: (style) bad indentation [-gnaty0]
ada_ml.ads:105:03: (style) bad indentation [-gnaty0]
ada_ml.ads:106:03: (style) bad indentation [-gnaty0]
ada_ml.ads:107:03: (style) bad indentation [-gnaty0]
ada_ml.ads:108:03: (style) bad indentation [-gnaty0]
ada_ml.ads:109:03: (style) bad indentation [-gnaty0]
ada_ml.ads:111:03: (style) bad indentation [-gnaty0]
ada_ml.ads:112:03: (style) bad indentation [-gnaty0]
ada_ml.ads:113:03: (style) bad indentation [-gnaty0]
ada_ml.ads:116:03: (style) bad indentation [-gnaty0]
ada_ml.ads:117:03: (style) bad indentation [-gnaty0]
ada_ml.ads:119:03: (style) bad indentation [-gnaty0]
ada_ml.ads:120:03: (style) bad indentation [-gnaty0]
ada_ml.ads:122:03: (style) bad indentation [-gnaty0]
ada_ml.ads:123:03: (style) bad indentation [-gnaty0]
ada_ml.ads:125:03: (style) bad indentation [-gnaty0]
ada_ml.ads:126:03: (style) bad indentation [-gnaty0]
ada_ml.ads:128:03: (style) bad indentation [-gnaty0]
ada_ml.ads:129:03: (style) bad indentation [-gnaty0]
ada_ml.ads:131:03: (style) bad indentation [-gnaty0]
ada_ml.ads:132:03: (style) bad indentation [-gnaty0]
ada_ml.ads:134:03: (style) bad indentation [-gnaty0]
ada_ml.ads:135:03: (style) bad indentation [-gnaty0]
ada_ml.ads:136:01: (style) multiple blank lines [-gnatyu]
