ada_ml_library.adb:3:06: warning: redundant with clause in body [-gnatwr]
ada_ml_library.adb:10:06: (style) two spaces required [-gnatyc]
ada_ml_library.adb:12:06: (style) two spaces required [-gnatyc]
ada_ml_library.adb:13:06: (style) two spaces required [-gnatyc]
ada_ml_library.adb:14:06: (style) two spaces required [-gnatyc]
ada_ml_library.adb:17:06: (style) two spaces required [-gnatyc]
ada_ml_library.adb:20:06: (style) two spaces required [-gnatyc]
ada_ml_library.adb:21:06: (style) two spaces required [-gnatyc]
ada_ml_library.adb:27:06: (style) two spaces required [-gnatyc]
ada_ml_library.adb:28:06: (style) two spaces required [-gnatyc]
ada_ml_library.adb:29:06: (style) two spaces required [-gnatyc]
ada_ml_library.adb:30:06: (style) two spaces required [-gnatyc]
ada_ml_library.adb:40:06: (style) two spaces required [-gnatyc]
ada_ml_library.adb:46:06: (style) two spaces required [-gnatyc]
ada_ml_library.adb:52:06: (style) two spaces required [-gnatyc]
ada_ml_library.adb:67:06: (style) two spaces required [-gnatyc]
ada_ml_library.adb:68:06: (style) two spaces required [-gnatyc]
ada_ml_library.adb:69:06: (style) two spaces required [-gnatyc]
ada_ml_library.adb:75:60: (style) space required [-gnatyc]
ada_ml_library.adb:76:09: (style) two spaces required [-gnatyc]
ada_ml_library.adb:82:06: (style) two spaces required [-gnatyc]
ada_ml_library.adb:92:06: (style) two spaces required [-gnatyc]
ada_ml_library.adb:97:06: (style) two spaces required [-gnatyc]
ada_ml_library.adb:98:06: (style) two spaces required [-gnatyc]
ada_ml_library.adb:99:06: (style) two spaces required [-gnatyc]
ada_ml_library.adb:100:06: (style) two spaces required [-gnatyc]
ada_ml_library.adb:104:06: (style) two spaces required [-gnatyc]
ada_ml_library.adb:110:06: (style) two spaces required [-gnatyc]
ada_ml_library.adb:116:06: (style) two spaces required [-gnatyc]
ada_ml_library.adb:122:06: (style) two spaces required [-gnatyc]
ada_ml_library.adb:128:06: (style) two spaces required [-gnatyc]
ada_ml_library.adb:132:29: (style) space required [-gnatyc]
ada_ml_library.adb:158:06: (style) two spaces required [-gnatyc]
ada_ml_library.adb:164:06: (style) two spaces required [-gnatyc]
ada_ml_library.adb:170:06: (style) two spaces required [-gnatyc]
ada_ml_library.adb:177:01: (style) multiple blank lines [-gnatyu]
ada_ml_library.adb:179:06: (style) two spaces required [-gnatyc]
ada_ml_library.adb:180:06: (style) two spaces required [-gnatyc]
ada_ml_library.adb:181:06: (style) two spaces required [-gnatyc]
ada_ml_library.adb:182:06: (style) two spaces required [-gnatyc]
ada_ml_library.adb:204:38: (style) "in" should be omitted [-gnatyI]
ada_ml_library.adb:221:01: (style) multiple blank lines [-gnatyu]
ada_ml_library.adb:223:06: (style) two spaces required [-gnatyc]
ada_ml_library.adb:224:06: (style) two spaces required [-gnatyc]
ada_ml_library.adb:225:06: (style) two spaces required [-gnatyc]
ada_ml_library.adb:236:01: (style) multiple blank lines [-gnatyu]
ada_ml_library.adb:249:06: (style) two spaces required [-gnatyc]
ada_ml_library.adb:250:06: (style) two spaces required [-gnatyc]
ada_ml_library.adb:274:06: (style) two spaces required [-gnatyc]
ada_ml_library.adb:275:06: (style) two spaces required [-gnatyc]
ada_ml_library.adb:276:06: (style) two spaces required [-gnatyc]
ada_ml_library.adb:277:06: (style) two spaces required [-gnatyc]
ada_ml_library.adb:278:06: (style) two spaces required [-gnatyc]
ada_ml_library.adb:282:10: (style) redundant parentheses [-gnatyx]
ada_ml_library.adb:288:01: (style) multiple blank lines [-gnatyu]
ada_ml_library.adb:290:06: (style) two spaces required [-gnatyc]
ada_ml_library.adb:291:06: (style) two spaces required [-gnatyc]
ada_ml_library.adb:292:06: (style) two spaces required [-gnatyc]
ada_ml_library.adb:293:06: (style) two spaces required [-gnatyc]
ada_ml_library.adb:294:06: (style) two spaces required [-gnatyc]
ada_ml_library.adb:298:10: (style) redundant parentheses [-gnatyx]
ada_ml_library.adb:300:13: (style) redundant parentheses [-gnatyx]
ada_ml_library.adb:304:10: (style) redundant parentheses [-gnatyx]
ada_ml_library.adb:310:01: (style) multiple blank lines [-gnatyu]
ada_ml_library.adb:312:06: (style) two spaces required [-gnatyc]
ada_ml_library.adb:315:10: (style) redundant parentheses [-gnatyx]
ada_ml_library.adb:317:13: (style) redundant parentheses [-gnatyx]
ada_ml_library.adb:319:13: (style) redundant parentheses [-gnatyx]
ada_ml_library.adb:326:06: (style) two spaces required [-gnatyc]
ada_ml_library.adb:330:10: (style) redundant parentheses [-gnatyx]
ada_ml_library.adb:338:07: warning: formal parameter "Name" is not referenced [-gnatwf]
ada_ml_library.adb:341:33: (style) space required [-gnatyc]
ada_ml_library.adb:342:07: warning: variable "Last_Word_Index" is assigned but never read [-gnatwm]
ada_ml_library.adb:342:52: (style) space required [-gnatyc]
ada_ml_library.adb:344:45: (style) space required [-gnatyc]
ada_ml_library.adb:346:47: (style) space required [-gnatyc]
ada_ml_library.adb:348:75: (style) space required [-gnatyc]
ada_ml_library.adb:349:63: (style) space required [-gnatyc]
ada_ml_library.adb:350:66: (style) space required [-gnatyc]
ada_ml_library.adb:353:18: (style) two spaces required [-gnatyc]
ada_ml_library.adb:356:18: (style) two spaces required [-gnatyc]
ada_ml_library.ads:6:06: (style) two spaces required [-gnatyc]
ada_ml_library.ads:7:06: (style) two spaces required [-gnatyc]
ada_ml_library.ads:10:06: (style) two spaces required [-gnatyc]
ada_ml_library.ads:13:06: (style) two spaces required [-gnatyc]
ada_ml_library.ads:15:06: (style) two spaces required [-gnatyc]
ada_ml_library.ads:18:06: (style) two spaces required [-gnatyc]
ada_ml_library.ads:19:06: (style) two spaces required [-gnatyc]
ada_ml_library.ads:22:26: (style) space required [-gnatyc]
ada_ml_library.ads:25:26: (style) space required [-gnatyc]
ada_ml_library.ads:28:26: (style) space required [-gnatyc]
ada_ml_library.ads:30:42: (style) space required [-gnatyc]
ada_ml_library.ads:32:42: (style) space required [-gnatyc]
ada_ml_library.ads:34:42: (style) space required [-gnatyc]
ada_ml_library.ads:36:42: (style) space required [-gnatyc]
ada_ml_library.ads:38:42: (style) space required [-gnatyc]
ada_ml_library.ads:40:06: (style) two spaces required [-gnatyc]
ada_ml_library.ads:41:06: (style) two spaces required [-gnatyc]
ada_ml_library.ads:42:41: (style) space required [-gnatyc]
ada_ml_library.ads:43:41: (style) space required [-gnatyc]
ada_ml_library.ads:44:41: (style) space required [-gnatyc]
ada_ml_library.ads:45:41: (style) space required [-gnatyc]
ada_ml_library.ads:47:06: (style) two spaces required [-gnatyc]
ada_ml_library.ads:48:46: (style) space required [-gnatyc]
ada_ml_library.ads:50:13: (style) space required [-gnatyc]
ada_ml_library.ads:51:46: (style) space required [-gnatyc]
ada_ml_library.ads:52:46: (style) space required [-gnatyc]
ada_ml_library.ads:54:06: (style) two spaces required [-gnatyc]
ada_ml_library.ads:58:06: (style) two spaces required [-gnatyc]
ada_ml_library.ads:61:58: (style) space required [-gnatyc]
ada_ml_library.ads:64:06: (style) two spaces required [-gnatyc]
ada_ml_library.ads:67:06: (style) two spaces required [-gnatyc]
ada_ml_library.ads:68:39: (style) space required [-gnatyc]
ada_ml_library.ads:69:55: (style) space required [-gnatyc]
ada_ml_library.ads:70:54: (style) space required [-gnatyc]
ada_ml_library.ads:73:06: (style) two spaces required [-gnatyc]
ada_ml_library.ads:83:06: (style) two spaces required [-gnatyc]
ada_ml_library.ads:89:38: (style) "in" should be omitted [-gnatyI]
ada_ml_library.ads:97:06: (style) two spaces required [-gnatyc]
ada_ml_library.ads:98:06: (style) two spaces required [-gnatyc]
ada_ml_library.ads:99:06: (style) two spaces required [-gnatyc]
ada_ml_library.ads:105:30: (style) space required [-gnatyt]
