ada_ml-activation.adb:1:09: warning: no entities of "Ada.Text_IO" are referenced [-gnatwu]
ada_ml-activation.adb:7:06: (style) two spaces required [-gnatyc]
ada_ml-activation.adb:8:06: (style) two spaces required [-gnatyc]
ada_ml-activation.adb:9:06: (style) two spaces required [-gnatyc]
ada_ml-activation.adb:19:38: (style) space required [-gnatyc]
ada_ml-activation.adb:32:38: (style) space required [-gnatyc]
ada_ml-activation.adb:36:06: (style) two spaces required [-gnatyc]
ada_ml-activation.adb:37:06: (style) two spaces required [-gnatyc]
ada_ml-activation.adb:38:06: (style) two spaces required [-gnatyc]
ada_ml-activation.adb:48:09: (style) two spaces required [-gnatyc]
ada_ml-activation.adb:52:09: (style) two spaces required [-gnatyc]
ada_ml-activation.adb:55:09: (style) two spaces required [-gnatyc]
ada_ml-activation.adb:58:09: (style) two spaces required [-gnatyc]
ada_ml-activation.adb:59:47: (style) space required [-gnatyc]
ada_ml-activation.adb:65:38: (style) space required [-gnatyc]
ada_ml-activation.adb:68:09: (style) two spaces required [-gnatyc]
ada_ml-activation.adb:69:09: (style) two spaces required [-gnatyc]
ada_ml-activation.adb:71:12: (style) two spaces required [-gnatyc]
ada_ml-activation.adb:89:18: (style) two spaces required [-gnatyc]
ada_ml-activation.adb:97:09: (style) two spaces required [-gnatyc]
ada_ml-activation.adb:98:09: (style) two spaces required [-gnatyc]
ada_ml-activation.adb:99:09: (style) two spaces required [-gnatyc]
ada_ml-activation.adb:101:09: (style) two spaces required [-gnatyc]
ada_ml-activation.adb:130:18: (style) two spaces required [-gnatyc]
ada_ml-activation.adb:135:09: (style) two spaces required [-gnatyc]
ada_ml-activation.adb:136:09: (style) two spaces required [-gnatyc]
ada_ml-activation.adb:139:32: (style) space required [-gnatyc]
ada_ml-activation.adb:143:09: (style) two spaces required [-gnatyc]
ada_ml-activation.adb:144:22: warning: redundant conversion, "Inverted_Sum" is of type "Word" [-gnatwr]
ada_ml-activation.adb:144:47: (style) space required [-gnatyc]
ada_ml-activation.adb:145:46: (style) space required [-gnatyc]
ada_ml-activation.adb:151:38: (style) space required [-gnatyc]
ada_ml-activation.adb:154:01: (style) multiple blank lines [-gnatyu]
ada_ml-activation.ads:2:06: (style) two spaces required [-gnatyc]
