ada_ml-processing.adb:2:09: warning: no entities of "Ada.Text_IO" are referenced [-gnatwu]
ada_ml-processing.adb:4:01: (style) multiple blank lines [-gnatyu]
ada_ml-processing.adb:8:06: (style) two spaces required [-gnatyc]
ada_ml-processing.adb:9:06: (style) two spaces required [-gnatyc]
ada_ml-processing.adb:10:06: (style) two spaces required [-gnatyc]
ada_ml-processing.adb:20:09: (style) two spaces required [-gnatyc]
ada_ml-processing.adb:24:09: (style) two spaces required [-gnatyc]
ada_ml-processing.adb:27:09: (style) two spaces required [-gnatyc]
ada_ml-processing.adb:30:09: (style) two spaces required [-gnatyc]
ada_ml-processing.adb:31:47: (style) space required [-gnatyc]
ada_ml-processing.adb:37:38: (style) space required [-gnatyc]
ada_ml-processing.adb:40:09: (style) two spaces required [-gnatyc]
ada_ml-processing.adb:41:09: (style) two spaces required [-gnatyc]
ada_ml-processing.adb:43:12: (style) two spaces required [-gnatyc]
ada_ml-processing.adb:61:18: (style) two spaces required [-gnatyc]
ada_ml-processing.adb:69:09: (style) two spaces required [-gnatyc]
ada_ml-processing.adb:70:09: (style) two spaces required [-gnatyc]
ada_ml-processing.adb:71:09: (style) two spaces required [-gnatyc]
ada_ml-processing.adb:73:09: (style) two spaces required [-gnatyc]
ada_ml-processing.adb:102:18: (style) two spaces required [-gnatyc]
ada_ml-processing.adb:107:09: (style) two spaces required [-gnatyc]
ada_ml-processing.adb:108:09: (style) two spaces required [-gnatyc]
ada_ml-processing.adb:111:32: (style) space required [-gnatyc]
ada_ml-processing.adb:115:09: (style) two spaces required [-gnatyc]
ada_ml-processing.adb:116:22: warning: redundant conversion, "Inverted_Sum" is of type "Word" [-gnatwr]
ada_ml-processing.adb:116:47: (style) space required [-gnatyc]
ada_ml-processing.adb:117:46: (style) space required [-gnatyc]
ada_ml-processing.adb:123:38: (style) space required [-gnatyc]
ada_ml-processing.adb:126:01: (style) multiple blank lines [-gnatyu]
ada_ml-processing.ads:5:01: (style) multiple blank lines [-gnatyu]
