wb_ov5640_helper.adb:1:12: warning: unit "System.Address_To_Access_Conversions" is not referenced [-gnatwu]
wb_ov5640_helper.adb:2:12: warning: unit "System.Storage_Elements" is not referenced [-gnatwu]
wb_ov5640_helper.adb:4:25: warning: no entities of "Input_Output_Helper.Utils" are referenced [-gnatwu]
wb_ov5640_helper.adb:4:33: warning: use clause for package "Utils" has no effect [-gnatwu]
wb_ov5640_helper.adb:9:06: (style) two spaces required [-gnatyc]
wb_ov5640_helper.adb:11:21: (style) "in" should be omitted [-gnatyI]
wb_ov5640_helper.adb:20:06: (style) two spaces required [-gnatyc]
wb_ov5640_helper.adb:26:06: (style) two spaces required [-gnatyc]
wb_ov5640_helper.adb:30:09: (style) two spaces required [-gnatyc]
wb_ov5640_helper.adb:31:09: (style) two spaces required [-gnatyc]
wb_ov5640_helper.adb:32:09: (style) two spaces required [-gnatyc]
wb_ov5640_helper.adb:35:06: (style) two spaces required [-gnatyc]
wb_ov5640_helper.adb:40:17: (style) space required [-gnatyc]
wb_ov5640_helper.adb:43:06: (style) two spaces required [-gnatyc]
wb_ov5640_helper.adb:48:17: (style) space required [-gnatyc]
wb_ov5640_helper.adb:51:06: (style) two spaces required [-gnatyc]
wb_ov5640_helper.adb:58:01: (style) multiple blank lines [-gnatyu]
wb_ov5640_helper.adb:61:06: (style) two spaces required [-gnatyc]
wb_ov5640_helper.adb:64:13: (style) redundant parentheses [-gnatyx]
wb_ov5640_helper.adb:68:06: (style) two spaces required [-gnatyc]
wb_ov5640_helper.adb:76:04: (style) "end Wait_While_Camera_Done" required [-gnatye]
wb_ov5640_helper.adb:78:01: (style) incorrect layout [-gnatyl]
wb_ov5640_helper.adb:84:10: (style) space required [-gnatyt]
wb_ov5640_helper.adb:86:01: (style) trailing spaces not permitted [-gnatyb]
wb_ov5640_helper.adb:94:01: (style) multiple blank lines [-gnatyu]
wb_ov5640_helper.adb:96:06: (style) two spaces required [-gnatyc]
wb_ov5640_helper.adb:102:23: (style) space required [-gnatyc]
wb_ov5640_helper.adb:111:01: (style) multiple blank lines [-gnatyu]
wb_ov5640_helper.ads:1:06: warning: unit "Interfaces" is not referenced in spec [-gnatwu]
wb_ov5640_helper.ads:1:06: warning: with clause might be moved to body [-gnatwu]
wb_ov5640_helper.ads:3:06: (style) bad casing of "Input_Output_Helper" declared at input_output_helper.ads:5 [-gnatyr]
wb_ov5640_helper.ads:3:31: (style) bad casing of "Input_Output_Helper" declared at input_output_helper.ads:5 [-gnatyr]
wb_ov5640_helper.ads:7:06: (style) two spaces required [-gnatyc]
wb_ov5640_helper.ads:11:26: (style) space required [-gnatyc]
wb_ov5640_helper.ads:14:26: (style) space required [-gnatyc]
wb_ov5640_helper.ads:16:42: (style) space required [-gnatyc]
wb_ov5640_helper.ads:19:26: (style) space required [-gnatyc]
wb_ov5640_helper.ads:22:26: (style) space required [-gnatyc]
wb_ov5640_helper.ads:25:26: (style) space required [-gnatyc]
wb_ov5640_helper.ads:26:06: (style) two spaces required [-gnatyc]
wb_ov5640_helper.ads:28:42: (style) space required [-gnatyc]
wb_ov5640_helper.ads:31:22: (style) "in" should be omitted [-gnatyI]
wb_ov5640_helper.ads:32:22: (style) "in" should be omitted [-gnatyI]
wb_ov5640_helper.ads:35:25: (style) space required [-gnatyc]
wb_ov5640_helper.ads:37:39: (style) space required [-gnatyc]
wb_ov5640_helper.ads:40:27: (style) space required [-gnatyc]
wb_ov5640_helper.ads:42:27: (style) space required [-gnatyc]
wb_ov5640_helper.ads:43:48: (style) space required [-gnatyc]
wb_ov5640_helper.ads:44:48: (style) space required [-gnatyc]
wb_ov5640_helper.ads:45:40: (style) trailing spaces not permitted [-gnatyb]
wb_ov5640_helper.ads:46:48: (style) space required [-gnatyc]
wb_ov5640_helper.ads:48:25: (style) space required [-gnatyc]
wb_ov5640_helper.ads:52:01: (style) multiple blank lines [-gnatyu]
