input_output_helper.adb:1:06: warning: redundant with clause in body [-gnatwr]
input_output_helper.adb:2:06: warning: redundant with clause in body [-gnatwr]
input_output_helper.adb:3:06: warning: redundant with clause in body [-gnatwr]
input_output_helper.adb:3:21: warning: "Interfaces" is already use-visible through previous use_clause at input_output_helper.ads:1 [-gnatwr]
input_output_helper.adb:3:21: warning: use clause for package "Interfaces" has no effect [-gnatwu]
input_output_helper.adb:4:09: warning: no entities of "Ada.Text_IO" are referenced [-gnatwu]
input_output_helper.adb:4:19: warning: use clause for package "Text_IO" has no effect [-gnatwu]
input_output_helper.adb:8:06: (style) two spaces required [-gnatyc]
input_output_helper.adb:9:06: (style) two spaces required [-gnatyc]
input_output_helper.adb:15:06: (style) two spaces required [-gnatyc]
input_output_helper.adb:16:06: (style) two spaces required [-gnatyc]
input_output_helper.adb:17:06: (style) two spaces required [-gnatyc]
input_output_helper.adb:18:06: (style) two spaces required [-gnatyc]
input_output_helper.adb:28:06: (style) two spaces required [-gnatyc]
input_output_helper.adb:34:06: (style) two spaces required [-gnatyc]
input_output_helper.adb:40:06: (style) two spaces required [-gnatyc]
input_output_helper.adb:41:06: (style) two spaces required [-gnatyc]
input_output_helper.adb:42:06: (style) two spaces required [-gnatyc]
input_output_helper.adb:48:09: warning: redundant conversion, expression is of type "Unsigned_32" [-gnatwr]
input_output_helper.adb:48:60: (style) space required [-gnatyc]
input_output_helper.adb:49:09: (style) two spaces required [-gnatyc]
input_output_helper.adb:54:01: (style) multiple blank lines [-gnatyu]
input_output_helper.adb:56:06: (style) two spaces required [-gnatyc]
input_output_helper.adb:66:06: (style) two spaces required [-gnatyc]
input_output_helper.adb:70:09: (style) two spaces required [-gnatyc]
input_output_helper.adb:73:10: (style) redundant parentheses [-gnatyx]
input_output_helper.adb:73:27: warning: comparison with True is redundant [-gnatwr]
input_output_helper.adb:79:09: (style) two spaces required [-gnatyc]
input_output_helper.adb:80:09: (style) two spaces required [-gnatyc]
input_output_helper.adb:81:09: (style) two spaces required [-gnatyc]
input_output_helper.adb:82:09: (style) two spaces required [-gnatyc]
input_output_helper.adb:86:06: (style) two spaces required [-gnatyc]
input_output_helper.adb:87:06: (style) two spaces required [-gnatyc]
input_output_helper.adb:88:06: (style) two spaces required [-gnatyc]
input_output_helper.adb:89:06: (style) two spaces required [-gnatyc]
input_output_helper.adb:90:06: (style) two spaces required [-gnatyc]
input_output_helper.adb:94:10: (style) redundant parentheses [-gnatyx]
input_output_helper.adb:101:06: (style) two spaces required [-gnatyc]
input_output_helper.adb:102:06: (style) two spaces required [-gnatyc]
input_output_helper.adb:103:06: (style) two spaces required [-gnatyc]
input_output_helper.adb:104:06: (style) two spaces required [-gnatyc]
input_output_helper.adb:105:06: (style) two spaces required [-gnatyc]
input_output_helper.adb:109:10: (style) redundant parentheses [-gnatyx]
input_output_helper.adb:111:13: (style) redundant parentheses [-gnatyx]
input_output_helper.adb:115:10: (style) redundant parentheses [-gnatyx]
input_output_helper.adb:121:01: (style) multiple blank lines [-gnatyu]
input_output_helper.adb:123:06: (style) two spaces required [-gnatyc]
input_output_helper.adb:126:10: (style) redundant parentheses [-gnatyx]
input_output_helper.adb:128:13: (style) redundant parentheses [-gnatyx]
input_output_helper.adb:130:13: (style) redundant parentheses [-gnatyx]
input_output_helper.adb:137:06: (style) two spaces required [-gnatyc]
input_output_helper.adb:141:10: (style) redundant parentheses [-gnatyx]
input_output_helper.adb:148:06: (style) two spaces required [-gnatyc]
input_output_helper.adb:149:06: (style) two spaces required [-gnatyc]
input_output_helper.adb:150:06: (style) two spaces required [-gnatyc]
input_output_helper.adb:151:06: (style) two spaces required [-gnatyc]
input_output_helper.adb:153:07: warning: "Signed_Val" is not modified, could be declared constant [-gnatwk]
input_output_helper.adb:153:38: (style) space required [-gnatyt]
input_output_helper.adb:156:30: (style) space required [-gnatyt]
input_output_helper.adb:158:30: (style) space required [-gnatyt]
input_output_helper.ads:4:12: warning: unit "System.Storage_Elements" is not referenced in spec [-gnatwu]
input_output_helper.ads:4:12: warning: with clause might be moved to body [-gnatwu]
input_output_helper.ads:8:80: (style) this line is too long [-gnatyM]
input_output_helper.ads:10:03: (style) bad indentation [-gnaty0]
input_output_helper.ads:13:03: (style) bad indentation [-gnaty0]
input_output_helper.ads:16:80: (style) this line is too long [-gnatyM]
input_output_helper.ads:17:03: (style) bad indentation [-gnaty0]
input_output_helper.ads:20:03: (style) bad indentation [-gnaty0]
input_output_helper.ads:23:03: (style) bad indentation [-gnaty0]
input_output_helper.ads:25:06: (style) two spaces required [-gnatyc]
input_output_helper.ads:27:06: (style) two spaces required [-gnatyc]
input_output_helper.ads:28:06: (style) two spaces required [-gnatyc]
input_output_helper.ads:29:06: (style) two spaces required [-gnatyc]
input_output_helper.ads:30:06: (style) two spaces required [-gnatyc]
input_output_helper.ads:33:06: (style) two spaces required [-gnatyc]
input_output_helper.ads:36:06: (style) two spaces required [-gnatyc]
input_output_helper.ads:37:06: (style) two spaces required [-gnatyc]
input_output_helper.ads:40:06: (style) two spaces required [-gnatyc]
input_output_helper.ads:44:06: (style) two spaces required [-gnatyc]
input_output_helper.ads:47:06: (style) two spaces required [-gnatyc]
input_output_helper.ads:50:06: (style) two spaces required [-gnatyc]
input_output_helper.ads:51:06: (style) two spaces required [-gnatyc]
input_output_helper.ads:52:06: (style) two spaces required [-gnatyc]
input_output_helper.ads:55:01: (style) multiple blank lines [-gnatyu]
input_output_helper.ads:58:06: (style) two spaces required [-gnatyc]
input_output_helper.ads:64:01: (style) multiple blank lines [-gnatyu]
input_output_helper.ads:69:03: (style) bad indentation [-gnaty0]
input_output_helper.ads:70:03: (style) bad indentation [-gnaty0]
input_output_helper.ads:71:03: (style) bad indentation [-gnaty0]
input_output_helper.ads:72:03: (style) bad indentation [-gnaty0]
input_output_helper.ads:74:03: (style) two spaces required [-gnatyc]
input_output_helper.ads:75:01: (style) incorrect layout [-gnatyl]
