input_ouptut_helper-debug.adb:1:18: (style) space required [-gnatyt]
input_ouptut_helper-debug.adb:3:06: warning: no entities of "Interfaces" are referenced [-gnatwu]
input_ouptut_helper-debug.adb:3:18: warning: "Interfaces" is already use-visible through previous use_clause at input_output_helper.ads:1 [-gnatwr]
input_ouptut_helper-debug.adb:4:33: warning: file name does not match unit name, should be "input_output_helper-debug.adb" [enabled by default]
input_ouptut_helper-debug.adb:6:09: (style) two spaces required [-gnatyc]
input_ouptut_helper-debug.adb:10:47: (style) space required [-gnatyc]
input_ouptut_helper-debug.adb:11:34: (style) space required [-gnatyc]
input_ouptut_helper-debug.adb:12:07: warning: variable "Last_Word_Index" is assigned but never read [-gnatwm]
input_ouptut_helper-debug.adb:12:52: (style) space required [-gnatyc]
input_ouptut_helper-debug.adb:16:12: (style) two spaces required [-gnatyc]
input_ouptut_helper-debug.adb:19:15: (style) two spaces required [-gnatyc]
input_ouptut_helper-debug.adb:24:28: (style) space required [-gnatyc]
input_ouptut_helper-debug.adb:25:63: (style) space required [-gnatyc]
input_ouptut_helper-debug.adb:27:35: (style) space required [-gnatyc]
input_ouptut_helper-debug.adb:30:18: (style) two spaces required [-gnatyc]
input_ouptut_helper-debug.adb:33:18: (style) two spaces required [-gnatyc]
input_ouptut_helper-debug.adb:61:01: (style) multiple blank lines [-gnatyu]
input_ouptut_helper-debug.adb:63:06: (style) two spaces required [-gnatyc]
input_ouptut_helper-debug.adb:67:47: (style) space required [-gnatyc]
input_ouptut_helper-debug.adb:68:34: (style) space required [-gnatyc]
input_ouptut_helper-debug.adb:69:07: warning: variable "Last_Word_Index" is assigned but never read [-gnatwm]
input_ouptut_helper-debug.adb:69:52: (style) space required [-gnatyc]
input_ouptut_helper-debug.adb:74:12: (style) two spaces required [-gnatyc]
input_ouptut_helper-debug.adb:76:60: (style) space required [-gnatyc]
input_ouptut_helper-debug.adb:78:32: (style) space required [-gnatyc]
input_ouptut_helper-debug.adb:81:15: (style) two spaces required [-gnatyc]
input_ouptut_helper-debug.adb:84:15: (style) two spaces required [-gnatyc]
input_output_helper-debug.ads:1:37: (style) trailing spaces not permitted [-gnatyb]
input_output_helper-debug.ads:2:06: (style) two spaces required [-gnatyc]
input_output_helper-debug.ads:6:06: (style) two spaces required [-gnatyc]
