input_output_helper-debug.adb:1:18: (style) space required [-gnatyt]
input_output_helper-debug.adb:3:06: warning: no entities of "Interfaces" are referenced [-gnatwu]
input_output_helper-debug.adb:3:18: warning: "Interfaces" is already use-visible through previous use_clause at input_output_helper.ads:1 [-gnatwr]
input_output_helper-debug.adb:6:09: (style) two spaces required [-gnatyc]
input_output_helper-debug.adb:10:47: (style) space required [-gnatyc]
input_output_helper-debug.adb:11:34: (style) space required [-gnatyc]
input_output_helper-debug.adb:12:07: warning: variable "Last_Word_Index" is assigned but never read [-gnatwm]
input_output_helper-debug.adb:12:52: (style) space required [-gnatyc]
input_output_helper-debug.adb:17:12: (style) two spaces required [-gnatyc]
input_output_helper-debug.adb:20:15: (style) two spaces required [-gnatyc]
input_output_helper-debug.adb:25:28: (style) space required [-gnatyc]
input_output_helper-debug.adb:26:63: (style) space required [-gnatyc]
input_output_helper-debug.adb:28:35: (style) space required [-gnatyc]
input_output_helper-debug.adb:31:18: (style) two spaces required [-gnatyc]
input_output_helper-debug.adb:34:18: (style) two spaces required [-gnatyc]
input_output_helper-debug.adb:53:18: (style) two spaces required [-gnatyc]
input_output_helper-debug.adb:55:18: (style) space required [-gnatyt]
input_output_helper-debug.adb:60:13: (style) space required [-gnatyt]
input_output_helper-debug.adb:61:12: (style) space required [-gnatyt]
input_output_helper-debug.adb:62:16: (style) space required [-gnatyt]
input_output_helper-debug.adb:68:01: (style) multiple blank lines [-gnatyu]
input_output_helper-debug.adb:70:06: (style) two spaces required [-gnatyc]
input_output_helper-debug.adb:74:47: (style) space required [-gnatyc]
input_output_helper-debug.adb:75:34: (style) space required [-gnatyc]
input_output_helper-debug.adb:76:07: warning: variable "Last_Word_Index" is assigned but never read [-gnatwm]
input_output_helper-debug.adb:76:52: (style) space required [-gnatyc]
input_output_helper-debug.adb:81:12: (style) two spaces required [-gnatyc]
input_output_helper-debug.adb:83:60: (style) space required [-gnatyc]
input_output_helper-debug.adb:85:32: (style) space required [-gnatyc]
input_output_helper-debug.adb:88:15: (style) two spaces required [-gnatyc]
input_output_helper-debug.adb:91:15: (style) two spaces required [-gnatyc]
input_output_helper-debug.ads:1:37: (style) trailing spaces not permitted [-gnatyb]
input_output_helper-debug.ads:2:06: (style) two spaces required [-gnatyc]
input_output_helper-debug.ads:6:06: (style) two spaces required [-gnatyc]
